;  LST file generated by mikroListExporter - v.2.0 
; Date/Time: 01-Sep-17 1:01:00 AM
;----------------------------------------------

;Address Opcode 	ASM
0x0000	0xF000EF34  	GOTO        104
0x0004	0x0000      	NOP
0x0006	0x0000      	NOP
0x0008	0xF000EF00  	GOTO        0
0x000C	0x0000      	NOP
0x000E	0x0000      	NOP
0x0010	0x0000      	NOP
0x0012	0x0000      	NOP
0x0014	0x0000      	NOP
0x0016	0x0000      	NOP
0x0018	0xD7F3      	BRA         0
_LCD_Data:
;LCD.c,4 :: 		void LCD_Data(unsigned char b)
;LCD.c,6 :: 		LCD=b;
0x001C	0xFF81C015  	MOVFF       FARG_LCD_Data_b, PORTB
;LCD.c,7 :: 		RS=1;
0x0020	0x8082      	BSF         PORTC, 0 
;LCD.c,8 :: 		EN=1;
0x0022	0x8282      	BSF         PORTC, 1 
;LCD.c,9 :: 		Delay_ms(4);
0x0024	0x0E0B      	MOVLW       11
0x0026	0x6E0C      	MOVWF       R12, 0
0x0028	0x0E62      	MOVLW       98
0x002A	0x6E0D      	MOVWF       R13, 0
L_LCD_Data0:
0x002C	0x2E0D      	DECFSZ      R13, 1, 0
0x002E	0xD7FE      	BRA         L_LCD_Data0
0x0030	0x2E0C      	DECFSZ      R12, 1, 0
0x0032	0xD7FC      	BRA         L_LCD_Data0
0x0034	0x0000      	NOP
;LCD.c,10 :: 		EN=0;
0x0036	0x9282      	BCF         PORTC, 1 
;LCD.c,11 :: 		}
L_end_LCD_Data:
0x0038	0x0012      	RETURN      0
; end of _LCD_Data
___CC2DW:
;__Lib_System.c,21 :: 		
;__Lib_System.c,23 :: 		
_CC2DL_Loop1:
;__Lib_System.c,24 :: 		
0x003A	0x0009      	TBLRD*+
;__Lib_System.c,25 :: 		
0x003C	0xFFE6CFF5  	MOVFF       TABLAT, POSTINC1
;__Lib_System.c,26 :: 		
0x0040	0x0600      	DECF        R0, 1, 0
;__Lib_System.c,27 :: 		
0x0042	0xE1FB      	BNZ         _CC2DL_Loop1
;__Lib_System.c,28 :: 		
0x0044	0x0601      	DECF        R1, 1, 0
;__Lib_System.c,29 :: 		
0x0046	0xE1F9      	BNZ         _CC2DL_Loop1
;__Lib_System.c,31 :: 		
L_end___CC2DW:
0x0048	0x0012      	RETURN      0
; end of ___CC2DW
_LCDcmd:
;LCD.c,12 :: 		void LCDcmd(unsigned char a)
;LCD.c,14 :: 		LCD=a;
0x004A	0xFF81C015  	MOVFF       FARG_LCDcmd_a, PORTB
;LCD.c,15 :: 		RS=0;
0x004E	0x9082      	BCF         PORTC, 0 
;LCD.c,16 :: 		EN=1;
0x0050	0x8282      	BSF         PORTC, 1 
;LCD.c,17 :: 		Delay_ms(4);
0x0052	0x0E0B      	MOVLW       11
0x0054	0x6E0C      	MOVWF       R12, 0
0x0056	0x0E62      	MOVLW       98
0x0058	0x6E0D      	MOVWF       R13, 0
L_LCDcmd1:
0x005A	0x2E0D      	DECFSZ      R13, 1, 0
0x005C	0xD7FE      	BRA         L_LCDcmd1
0x005E	0x2E0C      	DECFSZ      R12, 1, 0
0x0060	0xD7FC      	BRA         L_LCDcmd1
0x0062	0x0000      	NOP
;LCD.c,18 :: 		EN=0;
0x0064	0x9282      	BCF         PORTC, 1 
;LCD.c,19 :: 		}
L_end_LCDcmd:
0x0066	0x0012      	RETURN      0
; end of _LCDcmd
_main:
;LCD.c,20 :: 		void main() {
;LCD.c,21 :: 		while(1)
L_main2:
;LCD.c,23 :: 		TRISB=TRISC=0x00;
0x0068	0x6A94      	CLRF        TRISC 
0x006A	0xFF93CF94  	MOVFF       TRISC, TRISB
;LCD.c,24 :: 		LCDcmd(0x38);
0x006E	0x0E38      	MOVLW       56
0x0070	0x6E15      	MOVWF       FARG_LCDcmd_a 
0x0072	0xDFEB      	RCALL       _LCDcmd
;LCD.c,25 :: 		LCDcmd(0x0E);
0x0074	0x0E0E      	MOVLW       14
0x0076	0x6E15      	MOVWF       FARG_LCDcmd_a 
0x0078	0xDFE8      	RCALL       _LCDcmd
;LCD.c,26 :: 		LCDcmd(0x06);
0x007A	0x0E06      	MOVLW       6
0x007C	0x6E15      	MOVWF       FARG_LCDcmd_a 
0x007E	0xDFE5      	RCALL       _LCDcmd
;LCD.c,27 :: 		LCDcmd(0x01);
0x0080	0x0E01      	MOVLW       1
0x0082	0x6E15      	MOVWF       FARG_LCDcmd_a 
0x0084	0xDFE2      	RCALL       _LCDcmd
;LCD.c,28 :: 		LCDcmd(0x80);
0x0086	0x0E80      	MOVLW       128
0x0088	0x6E15      	MOVWF       FARG_LCDcmd_a 
0x008A	0xDFDF      	RCALL       _LCDcmd
;LCD.c,29 :: 		LCD_Data('D');
0x008C	0x0E44      	MOVLW       68
0x008E	0x6E15      	MOVWF       FARG_LCD_Data_b 
0x0090	0xDFC5      	RCALL       _LCD_Data
;LCD.c,30 :: 		LCD_Data('U');
0x0092	0x0E55      	MOVLW       85
0x0094	0x6E15      	MOVWF       FARG_LCD_Data_b 
0x0096	0xDFC2      	RCALL       _LCD_Data
;LCD.c,31 :: 		}
0x0098	0xD7E7      	BRA         L_main2
;LCD.c,32 :: 		}
L_end_main:
0x009A	0xD7FF      	BRA         $+0
; end of _main
Symbol List:
//** Routines locations **
//ADDRESS    SIZE    PROCEDURE
//----------------------------------------------
0x001C      [30]    _LCD_Data
0x003A      [16]    ___CC2DW
0x004A      [30]    _LCDcmd
0x0068      [52]    _main
//** Variables locations ** 
//ADDRESS    SIZE    VARIABLE
//----------------------------------------------
0x0000       [1]    FLASH_Erase_64_SaveINTCON_L0
0x0000       [1]    UART1_Init_tmp_L0
0x0000       [1]    SPI1_Write_tmp_L0
0x0000       [1]    R0
0x0000       [1]    __Lib_SoftI2C_PutZerosToLATScl_temp_scl_L0
0x0000       [1]    __Lib_SoftI2C_PutZerosToLATSda_temp_sda_L0
0x0000       [1]    EEPROM_Write_SaveINTCON_L0
0x0001       [1]    R1
0x0001       [1]    __Lib_TFT_JPEG_FileRead_i_L0
0x0001       [1]    FLASH_Erase_Write_64_i_L0
0x0001       [1]    FLASH_Write_8_i_L0
0x0001       [1]    UART1_Read___tmp_UART1_Read_L0
0x0001       [1]    ispunct_rslt_L0
0x0001       [2]    FLASH_Read_N_Bytes_i_L0
0x0001       [1]    __Lib_TFT_JPEG_FileReadBytes_Result_L0
0x0001       [1]    __Lib_TFT_16bit_JPEG_FileRead_i_L0
0x0001       [1]    __Lib_TFT_16bit_JPEG_FileReadBytes_Result_L0
0x0001       [1]    I2C1_Rd_tmp_L0
0x0001       [1]    __Lib_PS2_Wait_Falling_nsample_L0
0x0002       [1]    R2
0x0002       [2]    strlen_cp_L0
0x0002       [1]    FLASH_Write_8_SaveINTCON_L0
0x0002       [2]    memcpy_dd_L0
0x0002       [2]    memchr_s_L0
0x0002       [2]    memset_pp_L0
0x0002       [1]    FLASH_Erase_Write_64_j_L0
0x0003       [1]    R3
0x0003       [2]    MM_TotalFreeMemSize_Tot_L0
0x0003       [2]    __Lib_MmcFat16_f16_toInt_l_L0
0x0003       [1]    MM_Init_i_L0
0x0003       [2]    memmove_tt_L0
0x0003       [1]    __Lib_CAN_C_A_CANIDToRegs_loVal_L0
0x0003       [2]    Ltrim_original_L0
0x0003       [1]    FLASH_Erase_Write_64_SaveINTCON_L0
0x0004       [2]    strncpy_cp_L0
0x0004       [2]    memcpy_ss_L0
0x0004       [2]    strcpy_cp_L0
0x0004       [1]    __Lib_CAN_C_A_CANIDToRegs_hiVal_L0
0x0004       [2]    strcat_cp_L0
0x0004       [1]    R4
0x0004       [2]    frexp_pom_L0
0x0004       [2]    strncat_cp_L0
0x0004       [2]    __Lib_MemManager_MM_GetMemAlign_P_L0
0x0005       [1]    R5
0x0005       [2]    Ltrim_p_L0
0x0005       [2]    LongWordToHex_input_half_L0
0x0005       [1]    __Lib_CAN_C_A_CANIDToRegs_hrVal_L0
0x0005       [2]    memmove_ff_L0
0x0005       [2]    LongIntToHex_input_half_L0
0x0005       [1]    MM_TotalFreeMemSize_i_L0
0x0006       [1]    R6
0x0006       [1]    __Lib_MemManager_MM_GetMemAlign_i_L0
0x0006       [1]    __Lib_CAN_C_A_CANIDToRegs_hsVal_L0
0x0007       [1]    __Lib_TFT_16bit_JPEG_GenerateHuffmanTables_bLength_L0
0x0007       [1]    __Lib_TFT_JPEG_GenerateHuffmanTables_bLength_L0
0x0007       [1]    R7
0x0008       [1]    __Lib_TFT_JPEG_GenerateHuffmanTables_bTable_L0
0x0008       [1]    R8
0x0008       [1]    __Lib_TFT_16bit_JPEG_GenerateHuffmanTables_bTable_L0
0x0009       [4]    __Lib_MmcFat16_f16_toLong_l_L0
0x0009       [1]    R9
0x000A       [1]    R10
0x000B       [1]    R11
0x000C       [1]    R12
0x000D       [1]    R13
0x000E       [1]    R14
0x000F       [1]    R15
0x0010       [1]    R16
0x0011       [1]    R17
0x0012       [1]    R18
0x0013       [1]    R19
0x0014       [1]    R20
0x0015       [1]    FARG_LCDcmd_a
0x0015       [1]    FARG_LCD_Data_b
0x0F81       [1]    PORTB
0x0F82       [1]    PORTC
0x0F93       [1]    TRISB
0x0F94       [1]    TRISC
0x0FD8       [1]    STATUS
0x0FD9       [1]    FSR2L
0x0FDA       [1]    FSR2H
0x0FDE       [1]    POSTINC2
0x0FE0       [1]    BSR
0x0FE1       [1]    FSR1L
0x0FE2       [1]    FSR1H
0x0FE4       [1]    PREINC1
0x0FE6       [1]    POSTINC1
0x0FE7       [1]    INDF1
0x0FE8       [1]    WREG
0x0FE9       [1]    FSR0L
0x0FEA       [1]    FSR0H
0x0FEE       [1]    POSTINC0
0x0FF3       [1]    PRODL
0x0FF4       [1]    PRODH
0x0FF5       [1]    TABLAT
0x0FF6       [1]    TBLPTRL
0x0FF7       [1]    TBLPTRH
0x0FF8       [1]    TBLPTRU
//** Label List: ** 
//----------------------------------------------
  L_LCD_Data0
  L_LCDcmd1
  L_main2
  L_main3
  L_end_LCD_Data
  _LCD_Data
  L_end_LCDcmd
  _LCDcmd
  L_end_main
  _main
  _CC2D_Loop1
  _CC2DL_Loop1
  L_loopCA2AWs
  L_loopCCA2AWs
  L_loopCS2Ss
  L_CS2Send
  L_loopCCS2Ss
  L_CCS2Send
  L_loopFZinSWs
  L_longjmp7
  L_end___CC2D
  ___CC2D
  L_end___CC2DW
  ___CC2DW
  L_end___CA2AW
  ___CA2AW
  L_end___CCA2AW
  ___CCA2AW
  L_end___CS2S
  ___CS2S
  L_end___CCS2S
  ___CCS2S
  L_end___FZinS
  ___FZinS
  L_end_____DoIFC
  _____DoIFC
  L_end_Swap
  _Swap
  L_end_setjmp
  _setjmp
  L_end_longjmp
  _longjmp
