;  LST file generated by mikroListExporter - v.2.0 
; Date/Time: 03-Sep-17 5:17:43 PM
;----------------------------------------------

;Address Opcode 	ASM
0x0000	0xF000EF65  	GOTO        202
0x0004	0x0000      	NOP
0x0006	0x0000      	NOP
0x0008	0xF000EF00  	GOTO        0
0x000C	0x0000      	NOP
0x000E	0x0000      	NOP
0x0010	0x0000      	NOP
0x0012	0x0000      	NOP
0x0014	0x0000      	NOP
0x0016	0x0000      	NOP
0x0018	0xD7F3      	BRA         0
_LCD_cmmd:
0x001C	0xFF82C026  	MOVFF       FARG_LCD_cmmd_a, PORTC
0x0020	0x9081      	BCF         PORTB, 0 
0x0022	0x8281      	BSF         PORTB, 1 
0x0024	0x0E0D      	MOVLW       13
0x0026	0x6E0C      	MOVWF       R12, 0
0x0028	0x0EFB      	MOVLW       251
0x002A	0x6E0D      	MOVWF       R13, 0
L_LCD_cmmd4:
0x002C	0x2E0D      	DECFSZ      R13, 1, 0
0x002E	0xD7FE      	BRA         L_LCD_cmmd4
0x0030	0x2E0C      	DECFSZ      R12, 1, 0
0x0032	0xD7FC      	BRA         L_LCD_cmmd4
0x0034	0x0000      	NOP
0x0036	0x0000      	NOP
0x0038	0x9281      	BCF         PORTB, 1 
L_end_LCD_cmmd:
0x003A	0x0012      	RETURN      0
; end of _LCD_cmmd
_LCD_Data:
0x003C	0xFF82C026  	MOVFF       FARG_LCD_Data_b, PORTC
0x0040	0x8081      	BSF         PORTB, 0 
0x0042	0x8281      	BSF         PORTB, 1 
0x0044	0x0E0D      	MOVLW       13
0x0046	0x6E0C      	MOVWF       R12, 0
0x0048	0x0EFB      	MOVLW       251
0x004A	0x6E0D      	MOVWF       R13, 0
L_LCD_Data0:
0x004C	0x2E0D      	DECFSZ      R13, 1, 0
0x004E	0xD7FE      	BRA         L_LCD_Data0
0x0050	0x2E0C      	DECFSZ      R12, 1, 0
0x0052	0xD7FC      	BRA         L_LCD_Data0
0x0054	0x0000      	NOP
0x0056	0x0000      	NOP
0x0058	0x9281      	BCF         PORTB, 1 
0x005A	0x0E02      	MOVLW       2
0x005C	0x6E0B      	MOVWF       R11, 0
0x005E	0x0E04      	MOVLW       4
0x0060	0x6E0C      	MOVWF       R12, 0
0x0062	0x0EBA      	MOVLW       186
0x0064	0x6E0D      	MOVWF       R13, 0
L_LCD_Data1:
0x0066	0x2E0D      	DECFSZ      R13, 1, 0
0x0068	0xD7FE      	BRA         L_LCD_Data1
0x006A	0x2E0C      	DECFSZ      R12, 1, 0
0x006C	0xD7FC      	BRA         L_LCD_Data1
0x006E	0x2E0B      	DECFSZ      R11, 1, 0
0x0070	0xD7FA      	BRA         L_LCD_Data1
0x0072	0x0000      	NOP
L_end_LCD_Data:
0x0074	0x0012      	RETURN      0
; end of _LCD_Data
_LCD_str:
L_LCD_str2:
0x0076	0xFFE9C024  	MOVFF       FARG_LCD_str_b, FSR0L
0x007A	0xFFEAC025  	MOVFF       FARG_LCD_str_b+1, FSR0H
0x007E	0x50EE      	MOVF        POSTINC0, 0 
0x0080	0x0A00      	XORLW       0
0x0082	0xE00A      	BZ          L_LCD_str3
0x0084	0xFFE9C024  	MOVFF       FARG_LCD_str_b, FSR0L
0x0088	0xFFEAC025  	MOVFF       FARG_LCD_str_b+1, FSR0H
0x008C	0xF026CFEE  	MOVFF       POSTINC0, FARG_LCD_Data_b
0x0090	0xDFD5      	RCALL       _LCD_Data
0x0092	0x4A24      	INFSNZ      FARG_LCD_str_b, 1 
0x0094	0x2A25      	INCF        FARG_LCD_str_b+1, 1 
0x0096	0xD7EF      	BRA         L_LCD_str2
L_LCD_str3:
L_end_LCD_str:
0x0098	0x0012      	RETURN      0
; end of _LCD_str
_LCD_init:
0x009A	0x0E38      	MOVLW       56
0x009C	0x6E26      	MOVWF       FARG_LCD_cmmd_a 
0x009E	0xDFBE      	RCALL       _LCD_cmmd
0x00A0	0x0E0E      	MOVLW       14
0x00A2	0x6E26      	MOVWF       FARG_LCD_cmmd_a 
0x00A4	0xDFBB      	RCALL       _LCD_cmmd
0x00A6	0x0E06      	MOVLW       6
0x00A8	0x6E26      	MOVWF       FARG_LCD_cmmd_a 
0x00AA	0xDFB8      	RCALL       _LCD_cmmd
0x00AC	0x0E01      	MOVLW       1
0x00AE	0x6E26      	MOVWF       FARG_LCD_cmmd_a 
0x00B0	0xDFB5      	RCALL       _LCD_cmmd
0x00B2	0x0E80      	MOVLW       128
0x00B4	0x6E26      	MOVWF       FARG_LCD_cmmd_a 
0x00B6	0xDFB2      	RCALL       _LCD_cmmd
L_end_LCD_init:
0x00B8	0x0012      	RETURN      0
; end of _LCD_init
___CC2DW:
_CC2DL_Loop1:
0x00BA	0x0009      	TBLRD*+
0x00BC	0xFFE6CFF5  	MOVFF       TABLAT, POSTINC1
0x00C0	0x0600      	DECF        R0, 1, 0
0x00C2	0xE1FB      	BNZ         _CC2DL_Loop1
0x00C4	0x0601      	DECF        R1, 1, 0
0x00C6	0xE1F9      	BNZ         _CC2DL_Loop1
L_end___CC2DW:
0x00C8	0x0012      	RETURN      0
; end of ___CC2DW
_main:
0x00CA	0x0E43      	MOVLW       67
0x00CC	0x6E1E      	MOVWF       main_b_L0 
0x00CE	0x0E6F      	MOVLW       111
0x00D0	0x6E1F      	MOVWF       main_b_L0+1 
0x00D2	0x0E6F      	MOVLW       111
0x00D4	0x6E20      	MOVWF       main_b_L0+2 
0x00D6	0x0E6C      	MOVLW       108
0x00D8	0x6E21      	MOVWF       main_b_L0+3 
0x00DA	0x0E21      	MOVLW       33
0x00DC	0x6E22      	MOVWF       main_b_L0+4 
0x00DE	0x6A23      	CLRF        main_b_L0+5 
0x00E0	0x6A94      	CLRF        TRISC 
0x00E2	0xFF93CF94  	MOVFF       TRISC, TRISB
L_main5:
0x00E6	0x6A96      	CLRF        TRISE 
0x00E8	0xFF94CF96  	MOVFF       TRISE, TRISC
0x00EC	0xDFD6      	RCALL       _LCD_init
0x00EE	0x0E1E      	MOVLW       main_b_L0
0x00F0	0x6E24      	MOVWF       FARG_LCD_str_b 
0x00F2	0x0E00      	MOVLW       hi_addr(main_b_L0)
0x00F4	0x6E25      	MOVWF       FARG_LCD_str_b+1 
0x00F6	0xDFBF      	RCALL       _LCD_str
0x00F8	0xDFD0      	RCALL       _LCD_init
0x00FA	0x0E41      	MOVLW       65
0x00FC	0x6E15      	MOVWF       ?lstr1_MyProject 
0x00FE	0x0E77      	MOVLW       119
0x0100	0x6E16      	MOVWF       ?lstr1_MyProject+1 
0x0102	0x0E65      	MOVLW       101
0x0104	0x6E17      	MOVWF       ?lstr1_MyProject+2 
0x0106	0x0E73      	MOVLW       115
0x0108	0x6E18      	MOVWF       ?lstr1_MyProject+3 
0x010A	0x0E6F      	MOVLW       111
0x010C	0x6E19      	MOVWF       ?lstr1_MyProject+4 
0x010E	0x0E6D      	MOVLW       109
0x0110	0x6E1A      	MOVWF       ?lstr1_MyProject+5 
0x0112	0x0E65      	MOVLW       101
0x0114	0x6E1B      	MOVWF       ?lstr1_MyProject+6 
0x0116	0x0E21      	MOVLW       33
0x0118	0x6E1C      	MOVWF       ?lstr1_MyProject+7 
0x011A	0x6A1D      	CLRF        ?lstr1_MyProject+8 
0x011C	0x0E15      	MOVLW       ?lstr1_MyProject
0x011E	0x6E24      	MOVWF       FARG_LCD_str_b 
0x0120	0x0E00      	MOVLW       hi_addr(?lstr1_MyProject)
0x0122	0x6E25      	MOVWF       FARG_LCD_str_b+1 
0x0124	0xDFA8      	RCALL       _LCD_str
0x0126	0xDFB9      	RCALL       _LCD_init
0x0128	0x0E53      	MOVLW       83
0x012A	0x6E26      	MOVWF       FARG_LCD_Data_b 
0x012C	0xDF87      	RCALL       _LCD_Data
0x012E	0x0E41      	MOVLW       65
0x0130	0x6E26      	MOVWF       FARG_LCD_Data_b 
0x0132	0xDF84      	RCALL       _LCD_Data
0x0134	0x0E52      	MOVLW       82
0x0136	0x6E26      	MOVWF       FARG_LCD_Data_b 
0x0138	0xDF81      	RCALL       _LCD_Data
0x013A	0x0E54      	MOVLW       84
0x013C	0x6E26      	MOVWF       FARG_LCD_Data_b 
0x013E	0xDF7E      	RCALL       _LCD_Data
0x0140	0x0E48      	MOVLW       72
0x0142	0x6E26      	MOVWF       FARG_LCD_Data_b 
0x0144	0xDF7B      	RCALL       _LCD_Data
0x0146	0x0E41      	MOVLW       65
0x0148	0x6E26      	MOVWF       FARG_LCD_Data_b 
0x014A	0xDF78      	RCALL       _LCD_Data
0x014C	0x0E4B      	MOVLW       75
0x014E	0x6E26      	MOVWF       FARG_LCD_Data_b 
0x0150	0xDF75      	RCALL       _LCD_Data
0x0152	0xD7C9      	BRA         L_main5
L_end_main:
0x0154	0xD7FF      	BRA         $+0
; end of _main
;MyProject.c,0 :: ?ICS?lstr1_MyProject
0x0156	0x7741 ;?ICS?lstr1_MyProject+0
0x0158	0x7365 ;?ICS?lstr1_MyProject+2
0x015A	0x6D6F ;?ICS?lstr1_MyProject+4
0x015C	0x2165 ;?ICS?lstr1_MyProject+6
0x015E	0x00 ;?ICS?lstr1_MyProject+8
; end of ?ICS?lstr1_MyProject
;MyProject.c,0 :: ?ICSmain_b_L0
0x015F	0x6F43 ;?ICSmain_b_L0+0
0x0161	0x6C6F ;?ICSmain_b_L0+2
0x0163	0x0021 ;?ICSmain_b_L0+4
; end of ?ICSmain_b_L0
Symbol List:
//** Routines locations **
//ADDRESS    SIZE    PROCEDURE
//----------------------------------------------
0x001C      [32]    _LCD_cmmd
0x003C      [58]    _LCD_Data
0x0076      [36]    _LCD_str
0x009A      [32]    _LCD_init
0x00BA      [16]    ___CC2DW
0x00CA     [140]    _main
//** Variables locations ** 
//ADDRESS    SIZE    VARIABLE
//----------------------------------------------
0x0000       [1]    __Lib_SoftI2C_PutZerosToLATSda_temp_sda_L0
0x0000       [1]    EEPROM_Write_SaveINTCON_L0
0x0000       [1]    __Lib_SoftI2C_PutZerosToLATScl_temp_scl_L0
0x0000       [1]    SPI1_Write_tmp_L0
0x0000       [1]    R0
0x0000       [1]    FLASH_Erase_64_SaveINTCON_L0
0x0000       [1]    UART1_Init_tmp_L0
0x0001       [1]    I2C1_Rd_tmp_L0
0x0001       [1]    UART1_Read___tmp_UART1_Read_L0
0x0001       [2]    FLASH_Read_N_Bytes_i_L0
0x0001       [1]    FLASH_Erase_Write_64_i_L0
0x0001       [1]    FLASH_Write_8_i_L0
0x0001       [1]    __Lib_TFT_16bit_JPEG_FileRead_i_L0
0x0001       [1]    R1
0x0001       [1]    __Lib_TFT_16bit_JPEG_FileReadBytes_Result_L0
0x0001       [1]    ispunct_rslt_L0
0x0001       [1]    __Lib_PS2_Wait_Falling_nsample_L0
0x0001       [1]    __Lib_TFT_JPEG_FileRead_i_L0
0x0001       [1]    __Lib_TFT_JPEG_FileReadBytes_Result_L0
0x0002       [2]    strlen_cp_L0
0x0002       [1]    FLASH_Write_8_SaveINTCON_L0
0x0002       [1]    FLASH_Erase_Write_64_j_L0
0x0002       [2]    memset_pp_L0
0x0002       [2]    memchr_s_L0
0x0002       [1]    R2
0x0002       [2]    memcpy_dd_L0
0x0003       [1]    R3
0x0003       [2]    memmove_tt_L0
0x0003       [1]    MM_Init_i_L0
0x0003       [2]    MM_TotalFreeMemSize_Tot_L0
0x0003       [2]    Ltrim_original_L0
0x0003       [1]    FLASH_Erase_Write_64_SaveINTCON_L0
0x0003       [1]    __Lib_CAN_C_A_CANIDToRegs_loVal_L0
0x0003       [2]    __Lib_MmcFat16_f16_toInt_l_L0
0x0004       [2]    frexp_pom_L0
0x0004       [1]    __Lib_CAN_C_A_CANIDToRegs_hiVal_L0
0x0004       [2]    __Lib_MemManager_MM_GetMemAlign_P_L0
0x0004       [2]    strcat_cp_L0
0x0004       [2]    memcpy_ss_L0
0x0004       [1]    R4
0x0004       [2]    strncpy_cp_L0
0x0004       [2]    strncat_cp_L0
0x0004       [2]    strcpy_cp_L0
0x0005       [1]    R5
0x0005       [1]    __Lib_CAN_C_A_CANIDToRegs_hrVal_L0
0x0005       [2]    LongWordToHex_input_half_L0
0x0005       [2]    Ltrim_p_L0
0x0005       [1]    MM_TotalFreeMemSize_i_L0
0x0005       [2]    memmove_ff_L0
0x0005       [2]    LongIntToHex_input_half_L0
0x0006       [1]    __Lib_CAN_C_A_CANIDToRegs_hsVal_L0
0x0006       [1]    __Lib_MemManager_MM_GetMemAlign_i_L0
0x0006       [1]    R6
0x0007       [1]    __Lib_TFT_16bit_JPEG_GenerateHuffmanTables_bLength_L0
0x0007       [1]    R7
0x0007       [1]    __Lib_TFT_JPEG_GenerateHuffmanTables_bLength_L0
0x0008       [1]    __Lib_TFT_JPEG_GenerateHuffmanTables_bTable_L0
0x0008       [1]    __Lib_TFT_16bit_JPEG_GenerateHuffmanTables_bTable_L0
0x0008       [1]    R8
0x0009       [1]    R9
0x0009       [4]    __Lib_MmcFat16_f16_toLong_l_L0
0x000A       [1]    R10
0x000B       [1]    R11
0x000C       [1]    R12
0x000D       [1]    R13
0x000E       [1]    R14
0x000F       [1]    R15
0x0010       [1]    R16
0x0011       [1]    R17
0x0012       [1]    R18
0x0013       [1]    R19
0x0014       [1]    R20
0x0015       [9]    ?lstr1_MyProject
0x001E       [6]    main_b_L0
0x0024       [2]    FARG_LCD_str_b
0x0026       [1]    FARG_LCD_Data_b
0x0026       [1]    FARG_LCD_cmmd_a
0x0F81       [1]    PORTB
0x0F82       [1]    PORTC
0x0F93       [1]    TRISB
0x0F94       [1]    TRISC
0x0F96       [1]    TRISE
0x0FD8       [1]    STATUS
0x0FD9       [1]    FSR2L
0x0FDA       [1]    FSR2H
0x0FDE       [1]    POSTINC2
0x0FE0       [1]    BSR
0x0FE1       [1]    FSR1L
0x0FE2       [1]    FSR1H
0x0FE4       [1]    PREINC1
0x0FE6       [1]    POSTINC1
0x0FE7       [1]    INDF1
0x0FE8       [1]    WREG
0x0FE9       [1]    FSR0L
0x0FEA       [1]    FSR0H
0x0FEE       [1]    POSTINC0
0x0FF3       [1]    PRODL
0x0FF4       [1]    PRODH
0x0FF5       [1]    TABLAT
0x0FF6       [1]    TBLPTRL
0x0FF7       [1]    TBLPTRH
0x0FF8       [1]    TBLPTRU
//** Constants locations ** 
//ADDRESS    SIZE    CONSTANT
//----------------------------------------------
0x0156       [9]    ?ICS?lstr1_MyProject
0x015F       [6]    ?ICSmain_b_L0
//** Label List: ** 
//----------------------------------------------
  L_LCD_Data0
  L_LCD_Data1
  L_LCD_str2
  L_LCD_str3
  L_LCD_cmmd4
  L_main5
  L_main6
  L_end_LCD_Data
  _LCD_Data
  L_end_LCD_str
  _LCD_str
  L_end_LCD_cmmd
  _LCD_cmmd
  L_end_LCD_init
  _LCD_init
  L_end_main
  _main
  _CC2D_Loop1
  _CC2DL_Loop1
  L_loopCA2AWs
  L_loopCCA2AWs
  L_loopCS2Ss
  L_CS2Send
  L_loopCCS2Ss
  L_CCS2Send
  L_loopFZinSWs
  L_longjmp7
  L_end___CC2D
  ___CC2D
  L_end___CC2DW
  ___CC2DW
  L_end___CA2AW
  ___CA2AW
  L_end___CCA2AW
  ___CCA2AW
  L_end___CS2S
  ___CS2S
  L_end___CCS2S
  ___CCS2S
  L_end___FZinS
  ___FZinS
  L_end_____DoIFC
  _____DoIFC
  L_end_Swap
  _Swap
  L_end_setjmp
  _setjmp
  L_end_longjmp
  _longjmp
